<?xml version="1.0" encoding="UTF-8"?>
<!-- Generated by org.testng.reporters.JUnitXMLReporter -->
<testsuite ignored="1" hostname="Shree" failures="0" tests="1" name="Default test" time="38.393" errors="0" timestamp="2024-12-16T14:04:02 IST">
  <testcase classname="TestCases.HomePageTest" name="addMultipleProducts" time="34.081"/>
  <testcase classname="TestCases.HomePageTest" name="addingProductCart" time="0.0">
    <ignored/>
  </testcase> <!-- addingProductCart -->
</testsuite> <!-- Default test -->
