<?xml version="1.0" encoding="UTF-8"?>
<!-- Generated by org.testng.reporters.JUnitXMLReporter -->
<testsuite ignored="0" hostname="Shree" failures="0" tests="2" name="Test" time="0.089" errors="0" timestamp="2024-12-17T17:03:11 IST">
  <testcase classname="TestCases.BaseClass" name="@BeforeTest SetUpData" time="0.011">
    <failure type="java.io.FileNotFoundException" message="ExcelData.xlsx (The system cannot find the file specified)">
      <![CDATA[java.io.FileNotFoundException: ExcelData.xlsx (The system cannot find the file specified)
at java.base/java.io.FileInputStream.open0(Native Method)
at java.base/java.io.FileInputStream.open(FileInputStream.java:216)
at java.base/java.io.FileInputStream.<init>(FileInputStream.java:157)
at java.base/java.io.FileInputStream.<init>(FileInputStream.java:111)
at TestCases.BaseClass.SetUpData(BaseClass.java:95)
... Removed 24 stack frames]]>
    </failure>
  </testcase> <!-- @BeforeTest SetUpData -->
  <testcase classname="TestCases.BaseClass" name="@BeforeMethod SetUpDriver" time="0.0">
    <failure type="java.lang.NullPointerException" message="Cannot invoke &amp;quot;String.equalsIgnoreCase(String)&amp;quot; because &amp;quot;browser&amp;quot; is null">
      <![CDATA[java.lang.NullPointerException: Cannot invoke "String.equalsIgnoreCase(String)" because "browser" is null
at TestCases.BaseClass.SetUpDriver(BaseClass.java:66)
at java.base/java.util.ArrayList.forEach(ArrayList.java:1511)
... Removed 31 stack frames]]>
    </failure>
  </testcase> <!-- @BeforeMethod SetUpDriver -->
  <testcase classname="TestCases.BaseClass" name="@AfterMethod TearDown" time="0.001">
    <failure type="java.lang.NullPointerException" message="Cannot invoke &amp;quot;org.openqa.selenium.WebDriver.quit()&amp;quot; because the return value of &amp;quot;TestCases.BaseClass.GetDriver()&amp;quot; is null">
      <![CDATA[java.lang.NullPointerException: Cannot invoke "org.openqa.selenium.WebDriver.quit()" because the return value of "TestCases.BaseClass.GetDriver()" is null
at TestCases.BaseClass.TearDown(BaseClass.java:90)
at java.base/java.util.ArrayList.forEach(ArrayList.java:1511)
... Removed 32 stack frames]]>
    </failure>
  </testcase> <!-- @AfterMethod TearDown -->
  <testcase classname="TestCases.BaseClass" name="@BeforeMethod SetUpDriver" time="0.0">
    <failure type="java.lang.NullPointerException" message="Cannot invoke &amp;quot;String.equalsIgnoreCase(String)&amp;quot; because &amp;quot;browser&amp;quot; is null">
      <![CDATA[java.lang.NullPointerException: Cannot invoke "String.equalsIgnoreCase(String)" because "browser" is null
at TestCases.BaseClass.SetUpDriver(BaseClass.java:66)
at java.base/java.util.ArrayList.forEach(ArrayList.java:1511)
... Removed 31 stack frames]]>
    </failure>
  </testcase> <!-- @BeforeMethod SetUpDriver -->
  <testcase classname="TestCases.BaseClass" name="@AfterMethod TearDown" time="0.001">
    <failure type="java.lang.NullPointerException" message="Cannot invoke &amp;quot;org.openqa.selenium.WebDriver.quit()&amp;quot; because the return value of &amp;quot;TestCases.BaseClass.GetDriver()&amp;quot; is null">
      <![CDATA[java.lang.NullPointerException: Cannot invoke "org.openqa.selenium.WebDriver.quit()" because the return value of "TestCases.BaseClass.GetDriver()" is null
at TestCases.BaseClass.TearDown(BaseClass.java:90)
at java.base/java.util.ArrayList.forEach(ArrayList.java:1511)
... Removed 32 stack frames]]>
    </failure>
  </testcase> <!-- @AfterMethod TearDown -->
  <testcase classname="TestCases.BaseClass" name="@AfterTest CloseExcel" time="0.0">
    <skipped/>
  </testcase> <!-- @AfterTest CloseExcel -->
  <testcase classname="TestCases.HomePageTest" name="addMultipleProducts" time="0.0">
    <skipped/>
  </testcase> <!-- addMultipleProducts -->
  <testcase classname="TestCases.HomePageTest" name="addingProductCart" time="0.001">
    <skipped/>
  </testcase> <!-- addingProductCart -->
</testsuite> <!-- Test -->
