<?xml version="1.0" encoding="UTF-8"?>
<testng-results ignored="0" total="1" passed="1" failed="0" skipped="0">
  <reporter-output>
  </reporter-output>
  <suite started-at="2024-12-16T14:03:23 IST" name="Default suite" finished-at="2024-12-16T14:04:02 IST" duration-ms="38393">
    <groups>
    </groups>
    <test started-at="2024-12-16T14:03:23 IST" name="Default test" finished-at="2024-12-16T14:04:02 IST" duration-ms="38393">
      <class name="TestCases.HomePageTest">
        <test-method is-config="true" signature="startTest()[pri:0, instance:TestCases.HomePageTest@6aeb35e6]" started-at="2024-12-16T14:03:23 IST" name="startTest" finished-at="2024-12-16T14:03:27 IST" duration-ms="3884" status="PASS">
          <reporter-output>
          </reporter-output>
        </test-method> <!-- startTest -->
        <test-method signature="addMultipleProducts()[pri:0, instance:TestCases.HomePageTest@6aeb35e6]" started-at="2024-12-16T14:03:27 IST" name="addMultipleProducts" finished-at="2024-12-16T14:04:01 IST" duration-ms="34081" status="PASS">
          <reporter-output>
          </reporter-output>
        </test-method> <!-- addMultipleProducts -->
        <test-method is-config="true" signature="TearDown()[pri:0, instance:TestCases.HomePageTest@6aeb35e6]" started-at="2024-12-16T14:04:01 IST" name="TearDown" finished-at="2024-12-16T14:04:02 IST" duration-ms="375" status="PASS">
          <reporter-output>
          </reporter-output>
        </test-method> <!-- TearDown -->
      </class> <!-- TestCases.HomePageTest -->
    </test> <!-- Default test -->
  </suite> <!-- Default suite -->
</testng-results>
